18.4098 	WARNING 	Monitor specification not found. Creating a temporary one...
19.8349 	EXP 	Created window1 = Window(allowGUI=True, allowStencil=False, args=UNKNOWN, autoLog=True, bitsMode=UNKNOWN, blendMode='avg', color=array([-1., -1., -1.]), colorSpace='rgb', fullscr=<method-wrapper '__getattribute__' of attributeSetter object at 0x0000023AEB8C8E48>, gamma=None, gammaErrorPolicy='raise', kwargs=UNKNOWN, lms=UNKNOWN, monitor=<psychopy.monitors.calibTools.Monitor object at 0x0000023AEB9930B8>, multiSample=False, name='window1', numSamples=2, pos=[628.0, 252.0], screen=0, size=array([1000, 1000]), stereo=False, units='height', useFBO=True, useRetina=False, viewOri=0.0, viewPos=None, viewScale=None, waitBlanking=True, winType='pyglet')
19.8350 	EXP 	window1: recordFrameIntervals = False
19.9983 	EXP 	window1: recordFrameIntervals = True
20.1822 	EXP 	window1: recordFrameIntervals = False
20.7641 	EXP 	Created instruct_text_1 = TextStim(__class__=<class 'psychopy.visual.text.TextStim'>, alignHoriz='center', alignVert='center', antialias=True, autoLog=True, bold=False, color='white', colorSpace='named', contrast=1.0, depth=0.0, flipHoriz=False, flipVert=False, font='Arial', fontFiles=[], height=0.05, italic=False, languageStyle='LTR', name='instruct_text_1', opacity=1.0, ori=0, pos=array([0., 0.]), rgb=array([255., 255., 255.]), text=str(...), units='height', win=Window(...), wrapWidth=1)
20.7808 	EXP 	Created instruct_text_2 = TextStim(__class__=<class 'psychopy.visual.text.TextStim'>, alignHoriz='center', alignVert='center', antialias=True, autoLog=True, bold=False, color='white', colorSpace='named', contrast=1.0, depth=-1.0, flipHoriz=False, flipVert=False, font='Arial', fontFiles=[], height=0.05, italic=False, languageStyle='LTR', name='instruct_text_2', opacity=1.0, ori=0, pos=array([ 0. , -0.4]), rgb=array([255., 255., 255.]), text='Press spacebar to continue', units='height', win=Window(...), wrapWidth=1)
20.8249 	EXP 	Created instruct_text_3 = TextStim(__class__=<class 'psychopy.visual.text.TextStim'>, alignHoriz='center', alignVert='center', antialias=True, autoLog=True, bold=False, color='white', colorSpace='named', contrast=1.0, depth=0.0, flipHoriz=False, flipVert=False, font='Arial', fontFiles=[], height=0.05, italic=False, languageStyle='LTR', name='instruct_text_3', opacity=1.0, ori=0, pos=array([0.25, 0.  ]), rgb=array([255., 255., 255.]), text=str(...), units='height', win=Window(...), wrapWidth=1)
20.8438 	EXP 	Created instruct_text_4 = TextStim(__class__=<class 'psychopy.visual.text.TextStim'>, alignHoriz='center', alignVert='center', antialias=True, autoLog=True, bold=False, color='white', colorSpace='named', contrast=1.0, depth=-1.0, flipHoriz=False, flipVert=False, font='Arial', fontFiles=[], height=0.05, italic=False, languageStyle='LTR', name='instruct_text_4', opacity=1.0, ori=0, pos=array([ 0. , -0.4]), rgb=array([255., 255., 255.]), text='Press spacebar to continue', units='height', win=Window(...), wrapWidth=1)
21.0460 	EXP 	Created tut_sure = TextStim(__class__=<class 'psychopy.visual.text.TextStim'>, alignHoriz='center', alignVert='center', antialias=True, autoLog=True, bold=False, color='white', colorSpace='named', contrast=1.0, depth=-3.0, flipHoriz=False, flipVert=False, font='Arial', fontFiles=[], height=0.3, italic=False, languageStyle='LTR', name='tut_sure', opacity=1.0, ori=0, pos=array([0., 0.]), rgb=array([255., 255., 255.]), text='default text', units='height', win=Window(...), wrapWidth=1)
21.1070 	EXP 	Created Tutbackdrop = ImageStim(__class__=<class 'psychopy.visual.image.ImageStim'>, autoLog=True, color=array([1., 1., 1.]), colorSpace='rgb', contrast=1.0, depth=0.0, flipHoriz=False, flipVert=False, image='TutorialBackground1.png', interpolate=True, mask=None, maskParams=None, name='Tutbackdrop', opacity=1.0, ori=0.0, pos=array([0., 0.]), size=array([1.5, 1. ]), texRes=128, units='height', win=Window(...))
21.1251 	EXP 	Created instruct_text_5 = TextStim(__class__=<class 'psychopy.visual.text.TextStim'>, alignHoriz='center', alignVert='center', antialias=True, autoLog=True, bold=False, color='white', colorSpace='named', contrast=1.0, depth=-2.0, flipHoriz=False, flipVert=False, font='Arial', fontFiles=[], height=0.05, italic=False, languageStyle='LTR', name='instruct_text_5', opacity=1.0, ori=0, pos=array([-0.25,  0.  ]), rgb=array([255., 255., 255.]), text=str(...), units='height', win=Window(...), wrapWidth=1)
21.1341 	EXP 	Created instruct_text_6 = TextStim(__class__=<class 'psychopy.visual.text.TextStim'>, alignHoriz='center', alignVert='center', antialias=True, autoLog=True, bold=False, color='white', colorSpace='named', contrast=1.0, depth=-3.0, flipHoriz=False, flipVert=False, font='Arial', fontFiles=[], height=0.05, italic=False, languageStyle='LTR', name='instruct_text_6', opacity=1.0, ori=0, pos=array([ 0. , -0.4]), rgb=array([255., 255., 255.]), text='Press spacebar to continue', units='height', win=Window(...), wrapWidth=1)
21.1707 	EXP 	Created Tutbackdrop_2 = ImageStim(__class__=<class 'psychopy.visual.image.ImageStim'>, autoLog=True, color=array([1., 1., 1.]), colorSpace='rgb', contrast=1.0, depth=0.0, flipHoriz=False, flipVert=False, image='TutorialBackground1.png', interpolate=True, mask=None, maskParams=None, name='Tutbackdrop_2', opacity=1.0, ori=0.0, pos=array([0., 0.]), size=array([1.5, 1. ]), texRes=128, units='height', win=Window(...))
21.1856 	EXP 	Created instruct_text_7 = TextStim(__class__=<class 'psychopy.visual.text.TextStim'>, alignHoriz='center', alignVert='center', antialias=True, autoLog=True, bold=False, color='white', colorSpace='named', contrast=1.0, depth=-2.0, flipHoriz=False, flipVert=False, font='Arial', fontFiles=[], height=0.05, italic=False, languageStyle='LTR', name='instruct_text_7', opacity=1.0, ori=0, pos=array([-0.25,  0.  ]), rgb=array([255., 255., 255.]), text=str(...), units='height', win=Window(...), wrapWidth=1)
21.1928 	EXP 	Created instruct_text_8 = TextStim(__class__=<class 'psychopy.visual.text.TextStim'>, alignHoriz='center', alignVert='center', antialias=True, autoLog=True, bold=False, color='white', colorSpace='named', contrast=1.0, depth=-3.0, flipHoriz=False, flipVert=False, font='Arial', fontFiles=[], height=0.05, italic=False, languageStyle='LTR', name='instruct_text_8', opacity=1.0, ori=0, pos=array([-0.35, -0.4 ]), rgb=array([255., 255., 255.]), text='Press spacebar to continue', units='height', win=Window(...), wrapWidth=1)
21.1935 	WARNING 	Requested image 'TutorialArrow' not found but similar filename 'TutorialArrow.png' exists. This will be used instead but changing the filename is advised.
21.1973 	EXP 	Created TutArrowTop = ImageStim(__class__=<class 'psychopy.visual.image.ImageStim'>, autoLog=True, color=array([1., 1., 1.]), colorSpace='rgb', contrast=1.0, depth=-4.0, flipHoriz=False, flipVert=False, image='TutorialArrow', interpolate=True, mask=None, maskParams=None, name='TutArrowTop', opacity=1.0, ori=0.0, pos=array([0.15, 0.4 ]), size=array([0.1, 0.1]), texRes=128, units='height', win=Window(...))
21.1979 	WARNING 	Requested image 'TutorialArrow' not found but similar filename 'TutorialArrow.png' exists. This will be used instead but changing the filename is advised.
21.2011 	EXP 	Created TutArrowBottom = ImageStim(__class__=<class 'psychopy.visual.image.ImageStim'>, autoLog=True, color=array([1., 1., 1.]), colorSpace='rgb', contrast=1.0, depth=-5.0, flipHoriz=False, flipVert=False, image='TutorialArrow', interpolate=True, mask=None, maskParams=None, name='TutArrowBottom', opacity=1.0, ori=0.0, pos=array([ 0.15, -0.4 ]), size=array([0.1, 0.1]), texRes=128, units='height', win=Window(...))
21.2303 	EXP 	Created Tutbackdrop_3 = ImageStim(__class__=<class 'psychopy.visual.image.ImageStim'>, autoLog=True, color=array([1., 1., 1.]), colorSpace='rgb', contrast=1.0, depth=0.0, flipHoriz=False, flipVert=False, image='TutorialBackground1.png', interpolate=True, mask=None, maskParams=None, name='Tutbackdrop_3', opacity=1.0, ori=0.0, pos=array([0., 0.]), size=array([1.5, 1. ]), texRes=128, units='height', win=Window(...))
21.2472 	EXP 	Created instruct_text_9 = TextStim(__class__=<class 'psychopy.visual.text.TextStim'>, alignHoriz='center', alignVert='center', antialias=True, autoLog=True, bold=False, color='white', colorSpace='named', contrast=1.0, depth=-2.0, flipHoriz=False, flipVert=False, font='Arial', fontFiles=[], height=0.05, italic=False, languageStyle='LTR', name='instruct_text_9', opacity=1.0, ori=0, pos=array([-0.25,  0.  ]), rgb=array([255., 255., 255.]), text=str(...), units='height', win=Window(...), wrapWidth=1)
21.2574 	EXP 	Created instruct_text_10 = TextStim(__class__=<class 'psychopy.visual.text.TextStim'>, alignHoriz='center', alignVert='center', antialias=True, autoLog=True, bold=False, color='white', colorSpace='named', contrast=1.0, depth=-3.0, flipHoriz=False, flipVert=False, font='Arial', fontFiles=[], height=0.05, italic=False, languageStyle='LTR', name='instruct_text_10', opacity=1.0, ori=0, pos=array([-0.35, -0.4 ]), rgb=array([255., 255., 255.]), text='Press spacebar to continue', units='height', win=Window(...), wrapWidth=1)
21.2585 	WARNING 	Requested image 'TutorialArrow' not found but similar filename 'TutorialArrow.png' exists. This will be used instead but changing the filename is advised.
21.2630 	EXP 	Created TutArrowTop_2 = ImageStim(__class__=<class 'psychopy.visual.image.ImageStim'>, autoLog=True, color=array([1., 1., 1.]), colorSpace='rgb', contrast=1.0, depth=-4.0, flipHoriz=False, flipVert=False, image='TutorialArrow', interpolate=True, mask=None, maskParams=None, name='TutArrowTop_2', opacity=1.0, ori=0.0, pos=array([0.15, 0.28]), size=array([0.1, 0.1]), texRes=128, units='height', win=Window(...))
21.2639 	WARNING 	Requested image 'TutorialArrow' not found but similar filename 'TutorialArrow.png' exists. This will be used instead but changing the filename is advised.
21.2682 	EXP 	Created TutArrowBottom_2 = ImageStim(__class__=<class 'psychopy.visual.image.ImageStim'>, autoLog=True, color=array([1., 1., 1.]), colorSpace='rgb', contrast=1.0, depth=-5.0, flipHoriz=False, flipVert=False, image='TutorialArrow', interpolate=True, mask=None, maskParams=None, name='TutArrowBottom_2', opacity=1.0, ori=0.0, pos=array([ 0.15, -0.28]), size=array([0.1, 0.1]), texRes=128, units='height', win=Window(...))
21.3116 	EXP 	Created Tutbackdrop_5 = ImageStim(__class__=<class 'psychopy.visual.image.ImageStim'>, autoLog=True, color=array([1., 1., 1.]), colorSpace='rgb', contrast=1.0, depth=0.0, flipHoriz=False, flipVert=False, image='TutorialBackground2.png', interpolate=True, mask=None, maskParams=None, name='Tutbackdrop_5', opacity=1.0, ori=0.0, pos=array([0., 0.]), size=array([1.5, 1. ]), texRes=128, units='height', win=Window(...))
21.3365 	EXP 	Created instruct_text_11 = TextStim(__class__=<class 'psychopy.visual.text.TextStim'>, alignHoriz='center', alignVert='center', antialias=True, autoLog=True, bold=False, color='white', colorSpace='named', contrast=1.0, depth=-2.0, flipHoriz=False, flipVert=False, font='Arial', fontFiles=[], height=0.05, italic=False, languageStyle='LTR', name='instruct_text_11', opacity=1.0, ori=0, pos=array([-0.25,  0.25]), rgb=array([255., 255., 255.]), text=str(...), units='height', win=Window(...), wrapWidth=1)
21.3439 	EXP 	Created instruct_text_12 = TextStim(__class__=<class 'psychopy.visual.text.TextStim'>, alignHoriz='center', alignVert='center', antialias=True, autoLog=True, bold=False, color='white', colorSpace='named', contrast=1.0, depth=-3.0, flipHoriz=False, flipVert=False, font='Arial', fontFiles=[], height=0.05, italic=False, languageStyle='LTR', name='instruct_text_12', opacity=1.0, ori=0, pos=array([ 0. , -0.4]), rgb=array([255., 255., 255.]), text='Press spacebar to continue', units='height', win=Window(...), wrapWidth=1)
21.3446 	WARNING 	Requested image 'TutorialArrow' not found but similar filename 'TutorialArrow.png' exists. This will be used instead but changing the filename is advised.
21.3479 	EXP 	Created TutArrowTop_3 = ImageStim(__class__=<class 'psychopy.visual.image.ImageStim'>, autoLog=True, color=array([1., 1., 1.]), colorSpace='rgb', contrast=1.0, depth=-4.0, flipHoriz=False, flipVert=False, image='TutorialArrow', interpolate=True, mask=None, maskParams=None, name='TutArrowTop_3', opacity=1.0, ori=0.0, pos=array([0.15, 0.  ]), size=array([0.1, 0.1]), texRes=128, units='height', win=Window(...))
21.3775 	EXP 	Created instruct_text_13 = TextStim(__class__=<class 'psychopy.visual.text.TextStim'>, alignHoriz='center', alignVert='center', antialias=True, autoLog=True, bold=False, color='white', colorSpace='named', contrast=1.0, depth=-1.0, flipHoriz=False, flipVert=False, font='Arial', fontFiles=[], height=0.05, italic=False, languageStyle='LTR', name='instruct_text_13', opacity=1.0, ori=0, pos=array([0., 0.]), rgb=array([255., 255., 255.]), text=str(...), units='height', win=Window(...), wrapWidth=1)
21.3923 	EXP 	Created instruct_text_14 = TextStim(__class__=<class 'psychopy.visual.text.TextStim'>, alignHoriz='center', alignVert='center', antialias=True, autoLog=True, bold=False, color='white', colorSpace='named', contrast=1.0, depth=-2.0, flipHoriz=False, flipVert=False, font='Arial', fontFiles=[], height=0.05, italic=False, languageStyle='LTR', name='instruct_text_14', opacity=1.0, ori=0, pos=array([ 0. , -0.4]), rgb=array([255., 255., 255.]), text='Press spacebar, right, or left to continue', units='height', win=Window(...), wrapWidth=1)
21.3993 	EXP 	Created Red_Square = Rect(__class__=<class 'psychopy.visual.rect.Rect'>, autoDraw=False, autoLog=True, closeShape=True, color=method-wrapper(...), colorSpace=None, contrast=1.0, depth=-1.0, fillColor=array([ 1., -1., -1.]), fillColorSpace='rgb', fillRGB=array([ 1., -1., -1.]), interpolate=True, lineColor=array([ 1., -1., -1.]), lineColorSpace='rgb', lineRGB=array([ 1., -1., -1.]), lineWidth=1, name='Red_Square', opacity=1.0, ori=array(0.), pos=array([0., 0.]), size=array([1., 1.]), units='height', vertices=ndarray(...), win=Window(...))
21.4023 	EXP 	Created Blue_Square = Rect(__class__=<class 'psychopy.visual.rect.Rect'>, autoDraw=False, autoLog=True, closeShape=True, color=method-wrapper(...), colorSpace=None, contrast=1.0, depth=-2.0, fillColor=array([-1.   ,  0.004,  1.   ]), fillColorSpace='rgb', fillRGB=array([-1.   ,  0.004,  1.   ]), interpolate=True, lineColor=array([-1.   ,  0.004,  1.   ]), lineColorSpace='rgb', lineRGB=array([-1.   ,  0.004,  1.   ]), lineWidth=1, name='Blue_Square', opacity=1.0, ori=array(0.), pos=array([0., 0.]), size=array([1., 1.]), units='height', vertices=ndarray(...), win=Window(...))
21.4135 	EXP 	Created sure = TextStim(__class__=<class 'psychopy.visual.text.TextStim'>, alignHoriz='center', alignVert='center', antialias=True, autoLog=True, bold=False, color='white', colorSpace='named', contrast=1.0, depth=-3.0, flipHoriz=False, flipVert=False, font='Arial', fontFiles=[], height=0.3, italic=False, languageStyle='LTR', name='sure', opacity=1.0, ori=0, pos=array([0., 0.]), rgb=array([255., 255., 255.]), text='default text', units='height', win=Window(...), wrapWidth=1)
21.4466 	EXP 	Created or_text = TextStim(__class__=<class 'psychopy.visual.text.TextStim'>, alignHoriz='center', alignVert='center', antialias=True, autoLog=True, bold=False, color='white', colorSpace='named', contrast=1.0, depth=-4.0, flipHoriz=False, flipVert=False, font='Arial', fontFiles=[], height=0.15, italic=False, languageStyle='LTR', name='or_text', opacity=1.0, ori=0, pos=array([0., 0.]), rgb=array([255., 255., 255.]), text='or', units='height', win=Window(...), wrapWidth=1)
21.4962 	EXP 	Created Option_One = TextStim(__class__=<class 'psychopy.visual.text.TextStim'>, alignHoriz='center', alignVert='center', antialias=True, autoLog=True, bold=False, color='White', colorSpace='named', contrast=1.0, depth=-5.0, flipHoriz=False, flipVert=False, font='Arial', fontFiles=[], height=0.08, italic=False, languageStyle='LTR', name='Option_One', opacity=1.0, ori=0, pos=array([0., 0.]), rgb=array([255., 255., 255.]), text='default text', units='height', win=Window(...), wrapWidth=1)
21.5076 	EXP 	Created Option_Two = TextStim(__class__=<class 'psychopy.visual.text.TextStim'>, alignHoriz='center', alignVert='center', antialias=True, autoLog=True, bold=False, color='White', colorSpace='named', contrast=1.0, depth=-6.0, flipHoriz=False, flipVert=False, font='Arial', fontFiles=[], height=0.08, italic=False, languageStyle='LTR', name='Option_Two', opacity=1.0, ori=0, pos=array([0., 0.]), rgb=array([255., 255., 255.]), text='default text', units='height', win=Window(...), wrapWidth=1)
21.5192 	EXP 	Created Risk_Text_Top = TextStim(__class__=<class 'psychopy.visual.text.TextStim'>, alignHoriz='center', alignVert='center', antialias=True, autoLog=True, bold=False, color='White', colorSpace='named', contrast=1.0, depth=-7.0, flipHoriz=False, flipVert=False, font='Arial', fontFiles=[], height=0.08, italic=False, languageStyle='LTR', name='Risk_Text_Top', opacity=1.0, ori=0, pos=array([0., 0.]), rgb=array([255., 255., 255.]), text='default text', units='height', win=Window(...), wrapWidth=1)
21.5310 	EXP 	Created Risk_Text_Bottom = TextStim(__class__=<class 'psychopy.visual.text.TextStim'>, alignHoriz='center', alignVert='center', antialias=True, autoLog=True, bold=False, color='White', colorSpace='named', contrast=1.0, depth=-8.0, flipHoriz=False, flipVert=False, font='Arial', fontFiles=[], height=0.08, italic=False, languageStyle='LTR', name='Risk_Text_Bottom', opacity=1.0, ori=0, pos=array([0., 0.]), rgb=array([255., 255., 255.]), text='default text', units='height', win=Window(...), wrapWidth=1)
21.5345 	EXP 	Created Ambiguity_Bar = Rect(__class__=<class 'psychopy.visual.rect.Rect'>, autoDraw=False, autoLog=True, closeShape=True, color=method-wrapper(...), colorSpace=None, contrast=1.0, depth=-9.0, fillColor=array([0.004, 0.004, 0.004]), fillColorSpace='rgb', fillRGB=array([0.004, 0.004, 0.004]), interpolate=True, lineColor=array([-1., -1., -1.]), lineColorSpace='rgb', lineRGB=array([-1., -1., -1.]), lineWidth=1, name='Ambiguity_Bar', opacity=1.0, ori=array(0.), pos=array([0., 0.]), size=array([1., 1.]), units='height', vertices=ndarray(...), win=Window(...))
21.5685 	EXP 	Created endscreen_text = TextStim(__class__=<class 'psychopy.visual.text.TextStim'>, alignHoriz='center', alignVert='center', antialias=True, autoLog=True, bold=False, color='white', colorSpace='named', contrast=1.0, depth=-1.0, flipHoriz=False, flipVert=False, font='Arial', fontFiles=[], height=0.05, italic=False, languageStyle='LTR', name='endscreen_text', opacity=1.0, ori=0, pos=array([0.  , 0.25]), rgb=array([255., 255., 255.]), text=str(...), units='height', win=Window(...), wrapWidth=1)
21.5734 	EXP 	Created finalscore_text = TextStim(__class__=<class 'psychopy.visual.text.TextStim'>, alignHoriz='center', alignVert='center', antialias=True, autoLog=True, bold=False, color='white', colorSpace='named', contrast=1.0, depth=-2.0, flipHoriz=False, flipVert=False, font='Arial', fontFiles=[], height=0.05, italic=False, languageStyle='LTR', name='finalscore_text', opacity=1.0, ori=0, pos=array([0., 0.]), rgb=array([255., 255., 255.]), text='score', units='height', win=Window(...), wrapWidth=1)
21.6127 	EXP 	instruct_text_1: autoDraw = True
21.6127 	EXP 	instruct_text_2: autoDraw = True
22.9566 	DATA 	Keypress: space
23.0240 	EXP 	instruct_text_1: autoDraw = False
23.0240 	EXP 	instruct_text_2: autoDraw = False
23.0240 	EXP 	tut_sure: pos = array([-0.5,  0. ])
23.0240 	EXP 	tut_sure: text = '5'
23.0240 	EXP 	instruct_text_3: autoDraw = True
23.0240 	EXP 	instruct_text_4: autoDraw = True
23.0240 	EXP 	tut_sure: autoDraw = True
24.2040 	DATA 	Keypress: space
24.2946 	EXP 	instruct_text_3: autoDraw = False
24.2946 	EXP 	instruct_text_4: autoDraw = False
24.2946 	EXP 	tut_sure: autoDraw = False
24.2946 	EXP 	Tutbackdrop: autoDraw = True
24.2946 	EXP 	instruct_text_5: autoDraw = True
24.2946 	EXP 	instruct_text_6: autoDraw = True
26.9223 	DATA 	Keypress: space
26.9275 	EXP 	Tutbackdrop: autoDraw = False
26.9275 	EXP 	instruct_text_5: autoDraw = False
26.9275 	EXP 	instruct_text_6: autoDraw = False
26.9275 	EXP 	Tutbackdrop_2: autoDraw = True
26.9275 	EXP 	instruct_text_7: autoDraw = True
26.9275 	EXP 	instruct_text_8: autoDraw = True
26.9275 	EXP 	TutArrowTop: autoDraw = True
26.9275 	EXP 	TutArrowBottom: autoDraw = True
29.1543 	DATA 	Keypress: space
29.1587 	EXP 	Tutbackdrop_2: autoDraw = False
29.1587 	EXP 	instruct_text_7: autoDraw = False
29.1587 	EXP 	instruct_text_8: autoDraw = False
29.1587 	EXP 	TutArrowTop: autoDraw = False
29.1587 	EXP 	TutArrowBottom: autoDraw = False
29.1587 	EXP 	Tutbackdrop_3: autoDraw = True
29.1587 	EXP 	instruct_text_9: autoDraw = True
29.1587 	EXP 	instruct_text_10: autoDraw = True
29.1587 	EXP 	TutArrowTop_2: autoDraw = True
29.1587 	EXP 	TutArrowBottom_2: autoDraw = True
29.8376 	DATA 	Keypress: space
29.8693 	EXP 	Tutbackdrop_3: autoDraw = False
29.8693 	EXP 	instruct_text_9: autoDraw = False
29.8693 	EXP 	instruct_text_10: autoDraw = False
29.8693 	EXP 	TutArrowTop_2: autoDraw = False
29.8693 	EXP 	TutArrowBottom_2: autoDraw = False
29.8693 	EXP 	Tutbackdrop_5: autoDraw = True
29.8693 	EXP 	instruct_text_11: autoDraw = True
29.8693 	EXP 	instruct_text_12: autoDraw = True
29.8693 	EXP 	TutArrowTop_3: autoDraw = True
39.1551 	DATA 	Mouse: Right button down, pos=(480,760)
39.2558 	DATA 	Mouse:  Right button up, pos=(480,760)
53.4046 	DATA 	Keypress: escape
53.6319 	EXP 	window1: mouseVisible = True
